生成启动时间为 2020/5/16 21:14:28。
     1>项目“E:\sketchbuilding\SketchBuilding-master\SketchBuilding-master\SketchBuilding\SketchBuilding.vcxproj”在节点 11 上(Build 个目标)。
     1>QtRccSetDependencies:
         "C:\Qt\Qt5.9.7\5.9.7\msvc2017_64\bin\rcc.exe" --list "MainWindow.qrc" > "Debug\rcc_list.txt" 2> nul
       QtWork:
         Uic'ing MainWindow.ui...
         Uic'ing SettingDialog.ui...
         Uic'ing GrammarDialog.ui...
         Rcc'ing MainWindow.qrc...
         Moc'ing MainWindow.h...
          RCC: Warning: No resources in 'E:\sketchbuilding\SketchBuilding-master\SketchBuilding-master\SketchBuilding\MainWindow.qrc'.
         Moc'ing GrammarDialog.h...
         Moc'ing LeftWindowItemWidget.h...
         Moc'ing SettingDialog.h...
       ClCompile:
         C:\Program Files (x86)\Microsoft Visual Studio 12.0\VC\bin\CL.exe /c /I.\GeneratedFiles\Debug /I.\GeneratedFiles /I"E:\sketchbuilding\SketchBuilding-master\SketchBuilding-master\src" /I"C:\Program Files\NVIDIA GPU Computing Toolkit\CUDA\v10.2\include" /I"E:\sketchbuilding\SketchBuilding-master\SketchBuilding-master\opencv\include" /I"E:\sketchbuilding\SketchBuilding-master\SketchBuilding-master\include" /I"E:\sketchbuilding\SketchBuilding-master\SketchBuilding-master\glm" /I"E:\sketchbuilding\SketchBuilding-master\SketchBuilding-master\cgal\include" /I"E:\sketchbuilding\SketchBuilding-master\SketchBuilding-master\boost\include" /I"E:\sketchbuilding\SketchBuilding-master\SketchBuilding-master\3rdparty\include" /I"E:\sketchbuilding\SketchBuilding-master\SketchBuilding-master\glew" /I../../3rdparty/include /I../../3rdparty/include/cuda /I../../src /I../../src/include /ID:\ThirdPartyLibrary\caffe\include /ID:\ThirdPartyLibrary\caffe\src /ID:\ThirdPartyLibrary\boost_1_57_0 /ID:\CUDA\Toolkit\include /I"D:\ThirdPartyLibrary\glog-0.3.3\src\windows" /I"D:\ThirdPartyLibrary\gflags-2.1.1\buildx64\include" /I"C:\Program Files (x86)\Intel\Composer XE 2015\mkl\include" /I"C:\Program Files (x86)\Intel\Composer XE 2015\compiler\include" /ID:\ThirdPartyLibrary\hdf5\include /ID:\ThirdPartyLibrary\leveldb\include /I"D:\ThirdPartyLibrary\snappy-windows\include" /ID:\deeplearning\caffeold\3rdparty\include /ID:\ThirdPartyLibrary\opencv248\opencv\build\include /I.\ /I"C:\Program Files\NVIDIA GPU Computing Toolkit\CUDA\v10.2\include" /ZI /nologo /W3 /WX- /MP /Od /Oy- /D WIN32 /D _DEBUG /D _CONSOLE /D _MBCS /Gm /EHsc /RTC1 /MDd /GS /fp:precise /Zc:wchar_t /Zc:forScope /Fo"Debug\\" /Fd"Debug\vc120.pdb" /Gd /TP /analyze- /errorReport:prompt Asset.cpp BuildingSelector.cpp Camera.cpp CenterOperator.cpp CGA.cpp Circle.cpp Classifier.cpp ColorOperator.cpp CompOperator.cpp CopyOperator.cpp CornerCutGableRoof.cpp CornerCutOperator.cpp CornerCutPrism.cpp CornerCutRectangle.cpp CornerCutTaper.cpp Cuboid.cpp Cylinder.cpp CylinderSide.cpp ExtrudeOperator.cpp FaceSelector.cpp GrammarDialog.cpp Hemisphere.cpp HemisphereOperator.cpp InterpolationCamera.cpp LayoutExtractor.cpp GableRoof.cpp GeneralObject.cpp GLUtils.cpp GLWidget3D.cpp Grammar.cpp GrammarParser.cpp HipRoof.cpp InnerCircleOperator.cpp InnerSemiCircleOperator.cpp InsertOperator.cpp LeftWindowItemWidget.cpp LShape.cpp LShapePrism.cpp LShapeTaper.cpp MCMC.cpp NumberEval.cpp OBJLoader.cpp OBJWriter.cpp OffsetOperator.cpp Polygon.cpp Prism.cpp Pyramid.cpp PyramidOperator.cpp Rectangle.cpp RectangleTaper.cpp Regression.cpp main.cpp MainWindow.cpp RenderManager.cpp RoofGableOperator.cpp RoofHipOperator.cpp RotateOperator.cpp Scene.cpp SemiCircle.cpp SettingDialog.cpp SetupProjectionOperator.cpp Shader.cpp ShadowMapping.cpp Shape.cpp ShapeLOperator.cpp ShapeUOperator.cpp SizeOperator.cpp SplitOperator.cpp TaperOperator.cpp TextureOperator.cpp TranslateOperator.cpp UShape.cpp UShapePrism.cpp UShapeTaper.cpp VBOUtil.cpp GeneratedFiles\Debug\moc_MainWindow.cpp GeneratedFiles\Debug\moc_GrammarDialog.cpp GeneratedFiles\Debug\moc_LeftWindowItemWidget.cpp GeneratedFiles\Debug\moc_SettingDialog.cpp
     1>cl : 命令行 warning D9030: “/Gm”与多处理不兼容；忽略 /MP 开关
         moc_SettingDialog.cpp
     1>e:\sketchbuilding\sketchbuilding-master\sketchbuilding-master\sketchbuilding\settingdialog.h(5): fatal error C1083: 无法打开包括文件: “QDialog”: No such file or directory
         moc_LeftWindowItemWidget.cpp
     1>e:\sketchbuilding\sketchbuilding-master\sketchbuilding-master\sketchbuilding\leftwindowitemwidget.h(3): fatal error C1083: 无法打开包括文件: “QLabel”: No such file or directory
         moc_GrammarDialog.cpp
     1>e:\sketchbuilding\sketchbuilding-master\sketchbuilding-master\sketchbuilding\grammardialog.h(4): fatal error C1083: 无法打开包括文件: “QDockWidget”: No such file or directory
         moc_MainWindow.cpp
     1>e:\sketchbuilding\sketchbuilding-master\sketchbuilding-master\sketchbuilding\mainwindow.h(4): fatal error C1083: 无法打开包括文件: “QtWidgets/QMainWindow”: No such file or directory
         VBOUtil.cpp
     1>e:\sketchbuilding\sketchbuilding-master\sketchbuilding-master\sketchbuilding\vboutil.h(4): fatal error C1083: 无法打开包括文件: “qstring.h”: No such file or directory
         UShapeTaper.cpp
     1>e:\sketchbuilding\sketchbuilding-master\sketchbuilding-master\boost\include\boost\predef\architecture\x86.h(11): fatal error C1083: 无法打开包括文件: “boost/predef/architecture/x86/32.h”: No such file or directory
         UShapePrism.cpp
     1>e:\sketchbuilding\sketchbuilding-master\sketchbuilding-master\boost\include\boost\predef\architecture\x86.h(11): fatal error C1083: 无法打开包括文件: “boost/predef/architecture/x86/32.h”: No such file or directory
         UShape.cpp
     1>e:\sketchbuilding\sketchbuilding-master\sketchbuilding-master\boost\include\boost\predef\architecture\x86.h(11): fatal error C1083: 无法打开包括文件: “boost/predef/architecture/x86/32.h”: No such file or directory
         TranslateOperator.cpp
     1>e:\sketchbuilding\sketchbuilding-master\sketchbuilding-master\boost\include\boost\predef\architecture\x86.h(11): fatal error C1083: 无法打开包括文件: “boost/predef/architecture/x86/32.h”: No such file or directory
         TextureOperator.cpp
     1>e:\sketchbuilding\sketchbuilding-master\sketchbuilding-master\boost\include\boost\predef\architecture\x86.h(11): fatal error C1083: 无法打开包括文件: “boost/predef/architecture/x86/32.h”: No such file or directory
         TaperOperator.cpp
     1>e:\sketchbuilding\sketchbuilding-master\sketchbuilding-master\boost\include\boost\predef\architecture\x86.h(11): fatal error C1083: 无法打开包括文件: “boost/predef/architecture/x86/32.h”: No such file or directory
         SplitOperator.cpp
     1>e:\sketchbuilding\sketchbuilding-master\sketchbuilding-master\boost\include\boost\predef\architecture\x86.h(11): fatal error C1083: 无法打开包括文件: “boost/predef/architecture/x86/32.h”: No such file or directory
         SizeOperator.cpp
     1>e:\sketchbuilding\sketchbuilding-master\sketchbuilding-master\boost\include\boost\predef\architecture\x86.h(11): fatal error C1083: 无法打开包括文件: “boost/predef/architecture/x86/32.h”: No such file or directory
         ShapeUOperator.cpp
     1>e:\sketchbuilding\sketchbuilding-master\sketchbuilding-master\boost\include\boost\predef\architecture\x86.h(11): fatal error C1083: 无法打开包括文件: “boost/predef/architecture/x86/32.h”: No such file or directory
         ShapeLOperator.cpp
     1>e:\sketchbuilding\sketchbuilding-master\sketchbuilding-master\boost\include\boost\predef\architecture\x86.h(11): fatal error C1083: 无法打开包括文件: “boost/predef/architecture/x86/32.h”: No such file or directory
         Shape.cpp
     1>e:\sketchbuilding\sketchbuilding-master\sketchbuilding-master\boost\include\boost\predef\architecture\x86.h(11): fatal error C1083: 无法打开包括文件: “boost/predef/architecture/x86/32.h”: No such file or directory
         ShadowMapping.cpp
     1>e:\sketchbuilding\sketchbuilding-master\sketchbuilding-master\sketchbuilding\shadowmapping.h(4): fatal error C1083: 无法打开包括文件: “QGLWidget”: No such file or directory
         Shader.cpp
     1>e:\sketchbuilding\sketchbuilding-master\sketchbuilding-master\sketchbuilding\shader.h(3): fatal error C1083: 无法打开包括文件: “QString”: No such file or directory
         SetupProjectionOperator.cpp
     1>e:\sketchbuilding\sketchbuilding-master\sketchbuilding-master\boost\include\boost\predef\architecture\x86.h(11): fatal error C1083: 无法打开包括文件: “boost/predef/architecture/x86/32.h”: No such file or directory
         SettingDialog.cpp
     1>e:\sketchbuilding\sketchbuilding-master\sketchbuilding-master\sketchbuilding\settingdialog.h(5): fatal error C1083: 无法打开包括文件: “QDialog”: No such file or directory
         正在生成代码...
         正在编译...
         SemiCircle.cpp
     1>e:\sketchbuilding\sketchbuilding-master\sketchbuilding-master\boost\include\boost\predef\architecture\x86.h(11): fatal error C1083: 无法打开包括文件: “boost/predef/architecture/x86/32.h”: No such file or directory
         Scene.cpp
     1>e:\sketchbuilding\sketchbuilding-master\sketchbuilding-master\sketchbuilding\rendermanager.h(5): fatal error C1083: 无法打开包括文件: “QMap”: No such file or directory
         RotateOperator.cpp
     1>e:\sketchbuilding\sketchbuilding-master\sketchbuilding-master\boost\include\boost\predef\architecture\x86.h(11): fatal error C1083: 无法打开包括文件: “boost/predef/architecture/x86/32.h”: No such file or directory
         RoofHipOperator.cpp
     1>e:\sketchbuilding\sketchbuilding-master\sketchbuilding-master\boost\include\boost\predef\architecture\x86.h(11): fatal error C1083: 无法打开包括文件: “boost/predef/architecture/x86/32.h”: No such file or directory
         RoofGableOperator.cpp
     1>e:\sketchbuilding\sketchbuilding-master\sketchbuilding-master\boost\include\boost\predef\architecture\x86.h(11): fatal error C1083: 无法打开包括文件: “boost/predef/architecture/x86/32.h”: No such file or directory
         RenderManager.cpp
     1>e:\sketchbuilding\sketchbuilding-master\sketchbuilding-master\sketchbuilding\rendermanager.h(5): fatal error C1083: 无法打开包括文件: “QMap”: No such file or directory
         MainWindow.cpp
     1>e:\sketchbuilding\sketchbuilding-master\sketchbuilding-master\sketchbuilding\mainwindow.h(4): fatal error C1083: 无法打开包括文件: “QtWidgets/QMainWindow”: No such file or directory
         main.cpp
     1>e:\sketchbuilding\sketchbuilding-master\sketchbuilding-master\sketchbuilding\mainwindow.h(4): fatal error C1083: 无法打开包括文件: “QtWidgets/QMainWindow”: No such file or directory
         Regression.cpp
     1>e:\sketchbuilding\sketchbuilding-master\sketchbuilding-master\boost\include\boost\predef\architecture\x86.h(11): fatal error C1083: 无法打开包括文件: “boost/predef/architecture/x86/32.h”: No such file or directory
         RectangleTaper.cpp
     1>e:\sketchbuilding\sketchbuilding-master\sketchbuilding-master\boost\include\boost\predef\architecture\x86.h(11): fatal error C1083: 无法打开包括文件: “boost/predef/architecture/x86/32.h”: No such file or directory
         Rectangle.cpp
     1>e:\sketchbuilding\sketchbuilding-master\sketchbuilding-master\boost\include\boost\predef\architecture\x86.h(11): fatal error C1083: 无法打开包括文件: “boost/predef/architecture/x86/32.h”: No such file or directory
         PyramidOperator.cpp
     1>e:\sketchbuilding\sketchbuilding-master\sketchbuilding-master\boost\include\boost\predef\architecture\x86.h(11): fatal error C1083: 无法打开包括文件: “boost/predef/architecture/x86/32.h”: No such file or directory
         Pyramid.cpp
     1>e:\sketchbuilding\sketchbuilding-master\sketchbuilding-master\boost\include\boost\predef\architecture\x86.h(11): fatal error C1083: 无法打开包括文件: “boost/predef/architecture/x86/32.h”: No such file or directory
         Prism.cpp
     1>e:\sketchbuilding\sketchbuilding-master\sketchbuilding-master\boost\include\boost\predef\architecture\x86.h(11): fatal error C1083: 无法打开包括文件: “boost/predef/architecture/x86/32.h”: No such file or directory
         Polygon.cpp
     1>e:\sketchbuilding\sketchbuilding-master\sketchbuilding-master\boost\include\boost\predef\architecture\x86.h(11): fatal error C1083: 无法打开包括文件: “boost/predef/architecture/x86/32.h”: No such file or directory
         OffsetOperator.cpp
     1>e:\sketchbuilding\sketchbuilding-master\sketchbuilding-master\boost\include\boost\predef\architecture\x86.h(11): fatal error C1083: 无法打开包括文件: “boost/predef/architecture/x86/32.h”: No such file or directory
         OBJWriter.cpp
     1>e:\sketchbuilding\sketchbuilding-master\sketchbuilding-master\sketchbuilding\rendermanager.h(5): fatal error C1083: 无法打开包括文件: “QMap”: No such file or directory
         OBJLoader.cpp
     1>e:\sketchbuilding\sketchbuilding-master\sketchbuilding-master\sketchbuilding\objloader.cpp(5): fatal error C1083: 无法打开包括文件: “QString”: No such file or directory
         NumberEval.cpp
     1>e:\sketchbuilding\sketchbuilding-master\sketchbuilding-master\boost\include\boost\preprocessor\control\while.hpp(19): fatal error C1083: 无法打开包括文件: “boost/preprocessor/debug/error.hpp”: No such file or directory
         MCMC.cpp
     1>e:\sketchbuilding\sketchbuilding-master\sketchbuilding-master\opencv\include\opencv2\core\mat.hpp(1965): warning C4819: 该文件包含不能在当前代码页(936)中表示的字符。请将该文件保存为 Unicode 格式以防止数据丢失
     1>e:\sketchbuilding\sketchbuilding-master\sketchbuilding-master\opencv\include\opencv2\core\persistence.hpp : warning C4819: 该文件包含不能在当前代码页(936)中表示的字符。请将该文件保存为 Unicode 格式以防止数据丢失
     1>e:\sketchbuilding\sketchbuilding-master\sketchbuilding-master\opencv\include\opencv2\core\utility.hpp : warning C4819: 该文件包含不能在当前代码页(936)中表示的字符。请将该文件保存为 Unicode 格式以防止数据丢失
     1>e:\sketchbuilding\sketchbuilding-master\sketchbuilding-master\sketchbuilding\rendermanager.h(5): fatal error C1083: 无法打开包括文件: “QMap”: No such file or directory
         正在生成代码...
         正在编译...
         LShapeTaper.cpp
     1>e:\sketchbuilding\sketchbuilding-master\sketchbuilding-master\boost\include\boost\predef\architecture\x86.h(11): fatal error C1083: 无法打开包括文件: “boost/predef/architecture/x86/32.h”: No such file or directory
         LShapePrism.cpp
     1>e:\sketchbuilding\sketchbuilding-master\sketchbuilding-master\boost\include\boost\predef\architecture\x86.h(11): fatal error C1083: 无法打开包括文件: “boost/predef/architecture/x86/32.h”: No such file or directory
         LShape.cpp
     1>e:\sketchbuilding\sketchbuilding-master\sketchbuilding-master\boost\include\boost\predef\architecture\x86.h(11): fatal error C1083: 无法打开包括文件: “boost/predef/architecture/x86/32.h”: No such file or directory
         LeftWindowItemWidget.cpp
     1>e:\sketchbuilding\sketchbuilding-master\sketchbuilding-master\sketchbuilding\leftwindowitemwidget.h(3): fatal error C1083: 无法打开包括文件: “QLabel”: No such file or directory
         InsertOperator.cpp
     1>e:\sketchbuilding\sketchbuilding-master\sketchbuilding-master\boost\include\boost\predef\architecture\x86.h(11): fatal error C1083: 无法打开包括文件: “boost/predef/architecture/x86/32.h”: No such file or directory
         InnerSemiCircleOperator.cpp
     1>e:\sketchbuilding\sketchbuilding-master\sketchbuilding-master\boost\include\boost\predef\architecture\x86.h(11): fatal error C1083: 无法打开包括文件: “boost/predef/architecture/x86/32.h”: No such file or directory
         InnerCircleOperator.cpp
     1>e:\sketchbuilding\sketchbuilding-master\sketchbuilding-master\boost\include\boost\predef\architecture\x86.h(11): fatal error C1083: 无法打开包括文件: “boost/predef/architecture/x86/32.h”: No such file or directory
         HipRoof.cpp
     1>e:\sketchbuilding\sketchbuilding-master\sketchbuilding-master\boost\include\boost\predef\architecture\x86.h(11): fatal error C1083: 无法打开包括文件: “boost/predef/architecture/x86/32.h”: No such file or directory
         GrammarParser.cpp
     1>e:\sketchbuilding\sketchbuilding-master\sketchbuilding-master\boost\include\boost\predef\architecture\x86.h(11): fatal error C1083: 无法打开包括文件: “boost/predef/architecture/x86/32.h”: No such file or directory
         Grammar.cpp
     1>e:\sketchbuilding\sketchbuilding-master\sketchbuilding-master\boost\include\boost\predef\architecture\x86.h(11): fatal error C1083: 无法打开包括文件: “boost/predef/architecture/x86/32.h”: No such file or directory
         GLWidget3D.cpp
     1>e:\sketchbuilding\sketchbuilding-master\sketchbuilding-master\sketchbuilding\shader.h(3): fatal error C1083: 无法打开包括文件: “QString”: No such file or directory
         GLUtils.cpp
     1>e:\sketchbuilding\sketchbuilding-master\sketchbuilding-master\boost\include\boost\predef\architecture\x86.h(11): fatal error C1083: 无法打开包括文件: “boost/predef/architecture/x86/32.h”: No such file or directory
         GeneralObject.cpp
     1>e:\sketchbuilding\sketchbuilding-master\sketchbuilding-master\boost\include\boost\predef\architecture\x86.h(11): fatal error C1083: 无法打开包括文件: “boost/predef/architecture/x86/32.h”: No such file or directory
         GableRoof.cpp
     1>e:\sketchbuilding\sketchbuilding-master\sketchbuilding-master\boost\include\boost\predef\architecture\x86.h(11): fatal error C1083: 无法打开包括文件: “boost/predef/architecture/x86/32.h”: No such file or directory
         LayoutExtractor.cpp
     1>e:\sketchbuilding\sketchbuilding-master\sketchbuilding-master\boost\include\boost\predef\architecture\x86.h(11): fatal error C1083: 无法打开包括文件: “boost/predef/architecture/x86/32.h”: No such file or directory
         InterpolationCamera.cpp
         HemisphereOperator.cpp
     1>e:\sketchbuilding\sketchbuilding-master\sketchbuilding-master\boost\include\boost\predef\architecture\x86.h(11): fatal error C1083: 无法打开包括文件: “boost/predef/architecture/x86/32.h”: No such file or directory
         Hemisphere.cpp
     1>e:\sketchbuilding\sketchbuilding-master\sketchbuilding-master\boost\include\boost\predef\architecture\x86.h(11): fatal error C1083: 无法打开包括文件: “boost/predef/architecture/x86/32.h”: No such file or directory
         GrammarDialog.cpp
     1>e:\sketchbuilding\sketchbuilding-master\sketchbuilding-master\sketchbuilding\grammardialog.h(4): fatal error C1083: 无法打开包括文件: “QDockWidget”: No such file or directory
         FaceSelector.cpp
     1>e:\sketchbuilding\sketchbuilding-master\sketchbuilding-master\boost\include\boost\predef\architecture\x86.h(11): fatal error C1083: 无法打开包括文件: “boost/predef/architecture/x86/32.h”: No such file or directory
         正在生成代码...
         正在编译...
         ExtrudeOperator.cpp
     1>e:\sketchbuilding\sketchbuilding-master\sketchbuilding-master\boost\include\boost\predef\architecture\x86.h(11): fatal error C1083: 无法打开包括文件: “boost/predef/architecture/x86/32.h”: No such file or directory
         CylinderSide.cpp
     1>e:\sketchbuilding\sketchbuilding-master\sketchbuilding-master\boost\include\boost\predef\architecture\x86.h(11): fatal error C1083: 无法打开包括文件: “boost/predef/architecture/x86/32.h”: No such file or directory
         Cylinder.cpp
     1>e:\sketchbuilding\sketchbuilding-master\sketchbuilding-master\boost\include\boost\predef\architecture\x86.h(11): fatal error C1083: 无法打开包括文件: “boost/predef/architecture/x86/32.h”: No such file or directory
         Cuboid.cpp
     1>e:\sketchbuilding\sketchbuilding-master\sketchbuilding-master\boost\include\boost\predef\architecture\x86.h(11): fatal error C1083: 无法打开包括文件: “boost/predef/architecture/x86/32.h”: No such file or directory
         CornerCutTaper.cpp
     1>e:\sketchbuilding\sketchbuilding-master\sketchbuilding-master\boost\include\boost\predef\architecture\x86.h(11): fatal error C1083: 无法打开包括文件: “boost/predef/architecture/x86/32.h”: No such file or directory
         CornerCutRectangle.cpp
     1>e:\sketchbuilding\sketchbuilding-master\sketchbuilding-master\boost\include\boost\predef\architecture\x86.h(11): fatal error C1083: 无法打开包括文件: “boost/predef/architecture/x86/32.h”: No such file or directory
         CornerCutPrism.cpp
     1>e:\sketchbuilding\sketchbuilding-master\sketchbuilding-master\boost\include\boost\predef\architecture\x86.h(11): fatal error C1083: 无法打开包括文件: “boost/predef/architecture/x86/32.h”: No such file or directory
         CornerCutOperator.cpp
     1>e:\sketchbuilding\sketchbuilding-master\sketchbuilding-master\boost\include\boost\predef\architecture\x86.h(11): fatal error C1083: 无法打开包括文件: “boost/predef/architecture/x86/32.h”: No such file or directory
         CornerCutGableRoof.cpp
     1>e:\sketchbuilding\sketchbuilding-master\sketchbuilding-master\boost\include\boost\predef\architecture\x86.h(11): fatal error C1083: 无法打开包括文件: “boost/predef/architecture/x86/32.h”: No such file or directory
         CopyOperator.cpp
     1>e:\sketchbuilding\sketchbuilding-master\sketchbuilding-master\boost\include\boost\predef\architecture\x86.h(11): fatal error C1083: 无法打开包括文件: “boost/predef/architecture/x86/32.h”: No such file or directory
         CompOperator.cpp
     1>e:\sketchbuilding\sketchbuilding-master\sketchbuilding-master\boost\include\boost\predef\architecture\x86.h(11): fatal error C1083: 无法打开包括文件: “boost/predef/architecture/x86/32.h”: No such file or directory
         ColorOperator.cpp
     1>e:\sketchbuilding\sketchbuilding-master\sketchbuilding-master\boost\include\boost\predef\architecture\x86.h(11): fatal error C1083: 无法打开包括文件: “boost/predef/architecture/x86/32.h”: No such file or directory
         Classifier.cpp
     1>e:\sketchbuilding\sketchbuilding-master\sketchbuilding-master\boost\include\boost\predef\architecture\x86.h(11): fatal error C1083: 无法打开包括文件: “boost/predef/architecture/x86/32.h”: No such file or directory
         Circle.cpp
     1>e:\sketchbuilding\sketchbuilding-master\sketchbuilding-master\boost\include\boost\predef\architecture\x86.h(11): fatal error C1083: 无法打开包括文件: “boost/predef/architecture/x86/32.h”: No such file or directory
         CGA.cpp
     1>e:\sketchbuilding\sketchbuilding-master\sketchbuilding-master\sketchbuilding\rendermanager.h(5): fatal error C1083: 无法打开包括文件: “QMap”: No such file or directory
         CenterOperator.cpp
     1>e:\sketchbuilding\sketchbuilding-master\sketchbuilding-master\boost\include\boost\predef\architecture\x86.h(11): fatal error C1083: 无法打开包括文件: “boost/predef/architecture/x86/32.h”: No such file or directory
         Camera.cpp
     1>e:\sketchbuilding\sketchbuilding-master\sketchbuilding-master\sketchbuilding\camera.cpp(16): warning C4244: “=”: 从“double”转换到“float”，可能丢失数据
     1>e:\sketchbuilding\sketchbuilding-master\sketchbuilding-master\sketchbuilding\camera.cpp(49): warning C4244: “-=”: 从“double”转换到“float”，可能丢失数据
     1>e:\sketchbuilding\sketchbuilding-master\sketchbuilding-master\sketchbuilding\camera.cpp(50): warning C4244: “+=”: 从“double”转换到“float”，可能丢失数据
         BuildingSelector.cpp
     1>e:\sketchbuilding\sketchbuilding-master\sketchbuilding-master\boost\include\boost\predef\architecture\x86.h(11): fatal error C1083: 无法打开包括文件: “boost/predef/architecture/x86/32.h”: No such file or directory
         Asset.cpp
         正在生成代码...
     1>已完成生成项目“E:\sketchbuilding\SketchBuilding-master\SketchBuilding-master\SketchBuilding\SketchBuilding.vcxproj”(Build 个目标)的操作 - 失败。

生成失败。

已用时间 00:00:21.99
