e:\repo_e\sketchfacade\sketchfacade\release\vc120.pdb
e:\repo_e\sketchfacade\sketchfacade\release\qrc_mainwindow.obj
e:\repo_e\sketchfacade\sketchfacade\release\leftwindowitemwidget.obj
e:\repo_e\sketchfacade\sketchfacade\release\moc_mainwindow.obj
e:\repo_e\sketchfacade\sketchfacade\release\glwidget3d.obj
e:\repo_e\sketchfacade\sketchfacade\release\settingdialog.obj
e:\repo_e\sketchfacade\sketchfacade\release\mainwindow.obj
e:\repo_e\sketchfacade\sketchfacade\release\mcmc.obj
e:\repo_e\sketchfacade\sketchfacade\release\shadowmapping.obj
e:\repo_e\sketchfacade\sketchfacade\release\main.obj
e:\repo_e\sketchfacade\sketchfacade\release\grammardialog.obj
e:\repo_e\sketchfacade\sketchfacade\.\generatedfiles\release\moc_mainwindow.cpp
e:\repo_e\sketchfacade\sketchfacade\.\generatedfiles\release\moc_grammardialog.cpp
e:\repo_e\sketchfacade\sketchfacade\.\generatedfiles\release\moc_leftwindowitemwidget.cpp
e:\repo_e\sketchfacade\sketchfacade\.\generatedfiles\release\moc_settingdialog.cpp
e:\repo_e\sketchfacade\sketchfacade\.\generatedfiles\qrc_mainwindow.cpp
e:\repo_e\sketchfacade\sketchfacade\generatedfiles\ui_mainwindow.h
e:\repo_e\sketchfacade\sketchfacade\generatedfiles\ui_settingdialog.h
e:\repo_e\sketchfacade\sketchfacade\generatedfiles\ui_grammardialog.h
e:\repo_e\sketchfacade\sketchfacade\generatedfiles\qrc_mainwindow.cpp
e:\repo_e\sketchfacade\sketchfacade\generatedfiles\release\moc_mainwindow.cpp
e:\repo_e\sketchfacade\sketchfacade\generatedfiles\release\moc_grammardialog.cpp
e:\repo_e\sketchfacade\sketchfacade\generatedfiles\release\moc_leftwindowitemwidget.cpp
e:\repo_e\sketchfacade\sketchfacade\generatedfiles\release\moc_settingdialog.cpp
e:\repo_e\sketchfacade\sketchfacade\.\generatedfiles\ui_mainwindow.h
e:\repo_e\sketchfacade\sketchfacade\.\generatedfiles\ui_settingdialog.h
e:\repo_e\sketchfacade\sketchfacade\.\generatedfiles\ui_grammardialog.h
e:\repo_e\sketchfacade\sketchfacade\release\asset.obj
e:\repo_e\sketchfacade\sketchfacade\release\buildingselector.obj
e:\repo_e\sketchfacade\sketchfacade\release\camera.obj
e:\repo_e\sketchfacade\sketchfacade\release\centeroperator.obj
e:\repo_e\sketchfacade\sketchfacade\release\cga.obj
e:\repo_e\sketchfacade\sketchfacade\release\circle.obj
e:\repo_e\sketchfacade\sketchfacade\release\classifier.obj
e:\repo_e\sketchfacade\sketchfacade\release\coloroperator.obj
e:\repo_e\sketchfacade\sketchfacade\release\compoperator.obj
e:\repo_e\sketchfacade\sketchfacade\release\copyoperator.obj
e:\repo_e\sketchfacade\sketchfacade\release\cornercutgableroof.obj
e:\repo_e\sketchfacade\sketchfacade\release\cornercutoperator.obj
e:\repo_e\sketchfacade\sketchfacade\release\cornercutprism.obj
e:\repo_e\sketchfacade\sketchfacade\release\cornercutrectangle.obj
e:\repo_e\sketchfacade\sketchfacade\release\cornercuttaper.obj
e:\repo_e\sketchfacade\sketchfacade\release\cuboid.obj
e:\repo_e\sketchfacade\sketchfacade\release\cylinder.obj
e:\repo_e\sketchfacade\sketchfacade\release\cylinderside.obj
e:\repo_e\sketchfacade\sketchfacade\release\extrudeoperator.obj
e:\repo_e\sketchfacade\sketchfacade\release\faceselector.obj
e:\repo_e\sketchfacade\sketchfacade\release\gableroof.obj
e:\repo_e\sketchfacade\sketchfacade\release\generalobject.obj
e:\repo_e\sketchfacade\sketchfacade\release\glutils.obj
e:\repo_e\sketchfacade\sketchfacade\release\grammar.obj
e:\repo_e\sketchfacade\sketchfacade\release\grammarparser.obj
e:\repo_e\sketchfacade\sketchfacade\release\hemisphere.obj
e:\repo_e\sketchfacade\sketchfacade\release\hemisphereoperator.obj
e:\repo_e\sketchfacade\sketchfacade\release\hiproof.obj
e:\repo_e\sketchfacade\sketchfacade\release\innercircleoperator.obj
e:\repo_e\sketchfacade\sketchfacade\release\innersemicircleoperator.obj
e:\repo_e\sketchfacade\sketchfacade\release\insertoperator.obj
e:\repo_e\sketchfacade\sketchfacade\release\interpolationcamera.obj
e:\repo_e\sketchfacade\sketchfacade\release\layoutextractor.obj
e:\repo_e\sketchfacade\sketchfacade\release\lshape.obj
e:\repo_e\sketchfacade\sketchfacade\release\lshapeprism.obj
e:\repo_e\sketchfacade\sketchfacade\release\lshapetaper.obj
e:\repo_e\sketchfacade\sketchfacade\release\moc_grammardialog.obj
e:\repo_e\sketchfacade\sketchfacade\release\moc_leftwindowitemwidget.obj
e:\repo_e\sketchfacade\sketchfacade\release\moc_settingdialog.obj
e:\repo_e\sketchfacade\sketchfacade\release\numbereval.obj
e:\repo_e\sketchfacade\sketchfacade\release\objloader.obj
e:\repo_e\sketchfacade\sketchfacade\release\objwriter.obj
e:\repo_e\sketchfacade\sketchfacade\release\offsetoperator.obj
e:\repo_e\sketchfacade\sketchfacade\release\polygon.obj
e:\repo_e\sketchfacade\sketchfacade\release\prism.obj
e:\repo_e\sketchfacade\sketchfacade\release\pyramid.obj
e:\repo_e\sketchfacade\sketchfacade\release\pyramidoperator.obj
e:\repo_e\sketchfacade\sketchfacade\release\rectangle.obj
e:\repo_e\sketchfacade\sketchfacade\release\rectangletaper.obj
e:\repo_e\sketchfacade\sketchfacade\release\regression.obj
e:\repo_e\sketchfacade\sketchfacade\release\rendermanager.obj
e:\repo_e\sketchfacade\sketchfacade\release\roofgableoperator.obj
e:\repo_e\sketchfacade\sketchfacade\release\roofhipoperator.obj
e:\repo_e\sketchfacade\sketchfacade\release\rotateoperator.obj
e:\repo_e\sketchfacade\sketchfacade\release\scene.obj
e:\repo_e\sketchfacade\sketchfacade\release\semicircle.obj
e:\repo_e\sketchfacade\sketchfacade\release\setupprojectionoperator.obj
e:\repo_e\sketchfacade\sketchfacade\release\shader.obj
e:\repo_e\sketchfacade\sketchfacade\release\shape.obj
e:\repo_e\sketchfacade\sketchfacade\release\shapeloperator.obj
e:\repo_e\sketchfacade\sketchfacade\release\shapeuoperator.obj
e:\repo_e\sketchfacade\sketchfacade\release\sizeoperator.obj
e:\repo_e\sketchfacade\sketchfacade\release\splitoperator.obj
e:\repo_e\sketchfacade\sketchfacade\release\taperoperator.obj
e:\repo_e\sketchfacade\sketchfacade\release\textureoperator.obj
e:\repo_e\sketchfacade\sketchfacade\release\translateoperator.obj
e:\repo_e\sketchfacade\sketchfacade\release\ushape.obj
e:\repo_e\sketchfacade\sketchfacade\release\ushapeprism.obj
e:\repo_e\sketchfacade\sketchfacade\release\ushapetaper.obj
e:\repo_e\sketchfacade\sketchfacade\release\vboutil.obj
e:\repo_e\sketchfacade\x64\release\sketchfacade.pdb
e:\repo_e\sketchfacade\x64\release\sketchfacade.exe
e:\repo_e\sketchfacade\sketchfacade\release\sketchfacade.tlog\cl.command.1.tlog
e:\repo_e\sketchfacade\sketchfacade\release\sketchfacade.tlog\cl.read.1.tlog
e:\repo_e\sketchfacade\sketchfacade\release\sketchfacade.tlog\cl.write.1.tlog
e:\repo_e\sketchfacade\sketchfacade\release\sketchfacade.tlog\link.command.1.tlog
e:\repo_e\sketchfacade\sketchfacade\release\sketchfacade.tlog\link.read.1.tlog
e:\repo_e\sketchfacade\sketchfacade\release\sketchfacade.tlog\link.write.1.tlog
e:\repo_e\sketchfacade\sketchfacade\release\sketchfacade.tlog\moc.read.1u.tlog
e:\repo_e\sketchfacade\sketchfacade\release\sketchfacade.tlog\moc.write.1u.tlog
e:\repo_e\sketchfacade\sketchfacade\release\sketchfacade.tlog\rcc.read.1u.tlog
e:\repo_e\sketchfacade\sketchfacade\release\sketchfacade.tlog\rcc.write.1u.tlog
e:\repo_e\sketchfacade\sketchfacade\release\sketchfacade.tlog\sketchfacade.write.1u.tlog
e:\repo_e\sketchfacade\sketchfacade\release\sketchfacade.tlog\uic.read.1u.tlog
e:\repo_e\sketchfacade\sketchfacade\release\sketchfacade.tlog\uic.write.1u.tlog
