e:\sketchbuilding\sketchbuilding-master\sketchbuilding-master\sketchbuilding\release\vc120.pdb
e:\sketchbuilding\sketchbuilding-master\sketchbuilding-master\sketchbuilding\release\qrc_mainwindow.obj
e:\sketchbuilding\sketchbuilding-master\sketchbuilding-master\sketchbuilding\release\cga.obj
e:\sketchbuilding\sketchbuilding-master\sketchbuilding-master\sketchbuilding\release\gableroof.obj
e:\sketchbuilding\sketchbuilding-master\sketchbuilding-master\sketchbuilding\release\shapeloperator.obj
e:\sketchbuilding\sketchbuilding-master\sketchbuilding-master\sketchbuilding\release\translateoperator.obj
e:\sketchbuilding\sketchbuilding-master\sketchbuilding-master\sketchbuilding\release\cornercutoperator.obj
e:\sketchbuilding\sketchbuilding-master\sketchbuilding-master\sketchbuilding\release\grammardialog.obj
e:\sketchbuilding\sketchbuilding-master\sketchbuilding-master\sketchbuilding\release\numbereval.obj
e:\sketchbuilding\sketchbuilding-master\sketchbuilding-master\sketchbuilding\release\semicircle.obj
e:\sketchbuilding\sketchbuilding-master\sketchbuilding-master\sketchbuilding\release\taperoperator.obj
e:\sketchbuilding\sketchbuilding-master\sketchbuilding-master\sketchbuilding\release\moc_settingdialog.obj
e:\sketchbuilding\sketchbuilding-master\sketchbuilding-master\sketchbuilding\release\circle.obj
e:\sketchbuilding\sketchbuilding-master\sketchbuilding-master\sketchbuilding\release\cylinderside.obj
e:\sketchbuilding\sketchbuilding-master\sketchbuilding-master\sketchbuilding\release\innercircleoperator.obj
e:\sketchbuilding\sketchbuilding-master\sketchbuilding-master\sketchbuilding\release\lshapeprism.obj
e:\sketchbuilding\sketchbuilding-master\sketchbuilding-master\sketchbuilding\release\pyramid.obj
e:\sketchbuilding\sketchbuilding-master\sketchbuilding-master\sketchbuilding\release\mainwindow.obj
e:\sketchbuilding\sketchbuilding-master\sketchbuilding-master\sketchbuilding\release\shape.obj
e:\sketchbuilding\sketchbuilding-master\sketchbuilding-master\sketchbuilding\release\ushapeprism.obj
e:\sketchbuilding\sketchbuilding-master\sketchbuilding-master\sketchbuilding\release\compoperator.obj
e:\sketchbuilding\sketchbuilding-master\sketchbuilding-master\sketchbuilding\release\faceselector.obj
e:\sketchbuilding\sketchbuilding-master\sketchbuilding-master\sketchbuilding\release\innersemicircleoperator.obj
e:\sketchbuilding\sketchbuilding-master\sketchbuilding-master\sketchbuilding\release\lshapetaper.obj
e:\sketchbuilding\sketchbuilding-master\sketchbuilding-master\sketchbuilding\release\prism.obj
e:\sketchbuilding\sketchbuilding-master\sketchbuilding-master\sketchbuilding\release\main.obj
e:\sketchbuilding\sketchbuilding-master\sketchbuilding-master\sketchbuilding\release\shader.obj
e:\sketchbuilding\sketchbuilding-master\sketchbuilding-master\sketchbuilding\release\sizeoperator.obj
e:\sketchbuilding\sketchbuilding-master\sketchbuilding-master\sketchbuilding\release\moc_grammardialog.obj
e:\sketchbuilding\sketchbuilding-master\sketchbuilding-master\sketchbuilding\release\classifier.obj
e:\sketchbuilding\sketchbuilding-master\sketchbuilding-master\sketchbuilding\release\generalobject.obj
e:\sketchbuilding\sketchbuilding-master\sketchbuilding-master\sketchbuilding\release\lshape.obj
e:\sketchbuilding\sketchbuilding-master\sketchbuilding-master\sketchbuilding\release\offsetoperator.obj
e:\sketchbuilding\sketchbuilding-master\sketchbuilding-master\sketchbuilding\release\rectangle.obj
e:\sketchbuilding\sketchbuilding-master\sketchbuilding-master\sketchbuilding\release\roofhipoperator.obj
e:\sketchbuilding\sketchbuilding-master\sketchbuilding-master\sketchbuilding\release\shadowmapping.obj
e:\sketchbuilding\sketchbuilding-master\sketchbuilding-master\sketchbuilding\release\vboutil.obj
e:\sketchbuilding\sketchbuilding-master\sketchbuilding-master\sketchbuilding\release\coloroperator.obj
e:\sketchbuilding\sketchbuilding-master\sketchbuilding-master\sketchbuilding\release\cuboid.obj
e:\sketchbuilding\sketchbuilding-master\sketchbuilding-master\sketchbuilding\release\hiproof.obj
e:\sketchbuilding\sketchbuilding-master\sketchbuilding-master\sketchbuilding\release\splitoperator.obj
e:\sketchbuilding\sketchbuilding-master\sketchbuilding-master\sketchbuilding\release\moc_leftwindowitemwidget.obj
e:\sketchbuilding\sketchbuilding-master\sketchbuilding-master\sketchbuilding\release\asset.obj
e:\sketchbuilding\sketchbuilding-master\sketchbuilding-master\sketchbuilding\release\cornercutprism.obj
e:\sketchbuilding\sketchbuilding-master\sketchbuilding-master\sketchbuilding\release\interpolationcamera.obj
e:\sketchbuilding\sketchbuilding-master\sketchbuilding-master\sketchbuilding\release\layoutextractor.obj
e:\sketchbuilding\sketchbuilding-master\sketchbuilding-master\sketchbuilding\release\glutils.obj
e:\sketchbuilding\sketchbuilding-master\sketchbuilding-master\sketchbuilding\release\centeroperator.obj
e:\sketchbuilding\sketchbuilding-master\sketchbuilding-master\sketchbuilding\release\cornercuttaper.obj
e:\sketchbuilding\sketchbuilding-master\sketchbuilding-master\sketchbuilding\release\grammar.obj
e:\sketchbuilding\sketchbuilding-master\sketchbuilding-master\sketchbuilding\release\cornercutgableroof.obj
e:\sketchbuilding\sketchbuilding-master\sketchbuilding-master\sketchbuilding\release\hemisphere.obj
e:\sketchbuilding\sketchbuilding-master\sketchbuilding-master\sketchbuilding\release\insertoperator.obj
e:\sketchbuilding\sketchbuilding-master\sketchbuilding-master\sketchbuilding\release\objloader.obj
e:\sketchbuilding\sketchbuilding-master\sketchbuilding-master\sketchbuilding\release\objwriter.obj
e:\sketchbuilding\sketchbuilding-master\sketchbuilding-master\sketchbuilding\release\regression.obj
e:\sketchbuilding\sketchbuilding-master\sketchbuilding-master\sketchbuilding\release\setupprojectionoperator.obj
e:\sketchbuilding\sketchbuilding-master\sketchbuilding-master\sketchbuilding\release\textureoperator.obj
e:\sketchbuilding\sketchbuilding-master\sketchbuilding-master\sketchbuilding\release\copyoperator.obj
e:\sketchbuilding\sketchbuilding-master\sketchbuilding-master\sketchbuilding\release\extrudeoperator.obj
e:\sketchbuilding\sketchbuilding-master\sketchbuilding-master\sketchbuilding\release\glwidget3d.obj
e:\sketchbuilding\sketchbuilding-master\sketchbuilding-master\sketchbuilding\release\rendermanager.obj
e:\sketchbuilding\sketchbuilding-master\sketchbuilding-master\sketchbuilding\release\scene.obj
e:\sketchbuilding\sketchbuilding-master\sketchbuilding-master\sketchbuilding\release\ushape.obj
e:\sketchbuilding\sketchbuilding-master\sketchbuilding-master\sketchbuilding\release\buildingselector.obj
e:\sketchbuilding\sketchbuilding-master\sketchbuilding-master\sketchbuilding\release\cylinder.obj
e:\sketchbuilding\sketchbuilding-master\sketchbuilding-master\sketchbuilding\release\grammarparser.obj
e:\sketchbuilding\sketchbuilding-master\sketchbuilding-master\sketchbuilding\release\mcmc.obj
e:\sketchbuilding\sketchbuilding-master\sketchbuilding-master\sketchbuilding\release\pyramidoperator.obj
e:\sketchbuilding\sketchbuilding-master\sketchbuilding-master\sketchbuilding\release\roofgableoperator.obj
e:\sketchbuilding\sketchbuilding-master\sketchbuilding-master\sketchbuilding\release\settingdialog.obj
e:\sketchbuilding\sketchbuilding-master\sketchbuilding-master\sketchbuilding\release\moc_mainwindow.obj
e:\sketchbuilding\sketchbuilding-master\sketchbuilding-master\sketchbuilding\release\camera.obj
e:\sketchbuilding\sketchbuilding-master\sketchbuilding-master\sketchbuilding\release\cornercutrectangle.obj
e:\sketchbuilding\sketchbuilding-master\sketchbuilding-master\sketchbuilding\release\hemisphereoperator.obj
e:\sketchbuilding\sketchbuilding-master\sketchbuilding-master\sketchbuilding\release\leftwindowitemwidget.obj
e:\sketchbuilding\sketchbuilding-master\sketchbuilding-master\sketchbuilding\release\polygon.obj
e:\sketchbuilding\sketchbuilding-master\sketchbuilding-master\sketchbuilding\release\rectangletaper.obj
e:\sketchbuilding\sketchbuilding-master\sketchbuilding-master\sketchbuilding\release\rotateoperator.obj
e:\sketchbuilding\sketchbuilding-master\sketchbuilding-master\sketchbuilding\release\shapeuoperator.obj
e:\sketchbuilding\sketchbuilding-master\sketchbuilding-master\sketchbuilding\release\ushapetaper.obj
e:\sketchbuilding\sketchbuilding-master\sketchbuilding-master\sketchbuilding\.\generatedfiles\release\moc_mainwindow.cpp
e:\sketchbuilding\sketchbuilding-master\sketchbuilding-master\sketchbuilding\.\generatedfiles\release\moc_grammardialog.cpp
e:\sketchbuilding\sketchbuilding-master\sketchbuilding-master\sketchbuilding\.\generatedfiles\release\moc_leftwindowitemwidget.cpp
e:\sketchbuilding\sketchbuilding-master\sketchbuilding-master\sketchbuilding\.\generatedfiles\release\moc_settingdialog.cpp
e:\sketchbuilding\sketchbuilding-master\sketchbuilding-master\sketchbuilding\.\generatedfiles\qrc_mainwindow.cpp
e:\sketchbuilding\sketchbuilding-master\sketchbuilding-master\sketchbuilding\generatedfiles\ui_mainwindow.h
e:\sketchbuilding\sketchbuilding-master\sketchbuilding-master\sketchbuilding\generatedfiles\ui_settingdialog.h
e:\sketchbuilding\sketchbuilding-master\sketchbuilding-master\sketchbuilding\generatedfiles\ui_grammardialog.h
e:\sketchbuilding\sketchbuilding-master\sketchbuilding-master\sketchbuilding\generatedfiles\qrc_mainwindow.cpp
e:\sketchbuilding\sketchbuilding-master\sketchbuilding-master\sketchbuilding\generatedfiles\release\moc_mainwindow.cpp
e:\sketchbuilding\sketchbuilding-master\sketchbuilding-master\sketchbuilding\generatedfiles\release\moc_grammardialog.cpp
e:\sketchbuilding\sketchbuilding-master\sketchbuilding-master\sketchbuilding\generatedfiles\release\moc_leftwindowitemwidget.cpp
e:\sketchbuilding\sketchbuilding-master\sketchbuilding-master\sketchbuilding\generatedfiles\release\moc_settingdialog.cpp
e:\sketchbuilding\sketchbuilding-master\sketchbuilding-master\sketchbuilding\.\generatedfiles\ui_mainwindow.h
e:\sketchbuilding\sketchbuilding-master\sketchbuilding-master\sketchbuilding\.\generatedfiles\ui_settingdialog.h
e:\sketchbuilding\sketchbuilding-master\sketchbuilding-master\sketchbuilding\.\generatedfiles\ui_grammardialog.h
e:\sketchbuilding\sketchbuilding-master\sketchbuilding-master\sketchbuilding\release\sketchbuilding.vcxprojresolveassemblyreference.cache
e:\sketchbuilding\sketchbuilding-master\sketchbuilding-master\sketchbuilding\release\sketchbuilding.tlog\cl.command.1.tlog
e:\sketchbuilding\sketchbuilding-master\sketchbuilding-master\sketchbuilding\release\sketchbuilding.tlog\cl.read.1.tlog
e:\sketchbuilding\sketchbuilding-master\sketchbuilding-master\sketchbuilding\release\sketchbuilding.tlog\cl.write.1.tlog
e:\sketchbuilding\sketchbuilding-master\sketchbuilding-master\sketchbuilding\release\sketchbuilding.tlog\link.command.1.tlog
e:\sketchbuilding\sketchbuilding-master\sketchbuilding-master\sketchbuilding\release\sketchbuilding.tlog\link.read.1.tlog
e:\sketchbuilding\sketchbuilding-master\sketchbuilding-master\sketchbuilding\release\sketchbuilding.tlog\link.write.1.tlog
e:\sketchbuilding\sketchbuilding-master\sketchbuilding-master\sketchbuilding\release\sketchbuilding.tlog\moc.read.1u.tlog
e:\sketchbuilding\sketchbuilding-master\sketchbuilding-master\sketchbuilding\release\sketchbuilding.tlog\moc.write.1u.tlog
e:\sketchbuilding\sketchbuilding-master\sketchbuilding-master\sketchbuilding\release\sketchbuilding.tlog\rcc.read.1u.tlog
e:\sketchbuilding\sketchbuilding-master\sketchbuilding-master\sketchbuilding\release\sketchbuilding.tlog\rcc.write.1u.tlog
e:\sketchbuilding\sketchbuilding-master\sketchbuilding-master\sketchbuilding\release\sketchbuilding.tlog\sketchbuilding.write.1u.tlog
e:\sketchbuilding\sketchbuilding-master\sketchbuilding-master\sketchbuilding\release\sketchbuilding.tlog\uic.read.1u.tlog
e:\sketchbuilding\sketchbuilding-master\sketchbuilding-master\sketchbuilding\release\sketchbuilding.tlog\uic.write.1u.tlog
